[debug] [2024-08-15T20:31:26.310Z] ----------------------------------------------------------------------
[debug] [2024-08-15T20:31:26.312Z] Command:       /usr/local/bin/firebase /Users/gabrielnetto/.cache/firebase/tools/lib/node_modules/firebase-tools/lib/bin/firebase deploy --only functions
[debug] [2024-08-15T20:31:26.312Z] CLI Version:   13.7.2
[debug] [2024-08-15T20:31:26.313Z] Platform:      darwin
[debug] [2024-08-15T20:31:26.313Z] Node Version:  v18.5.0
[debug] [2024-08-15T20:31:26.314Z] Time:          Thu Aug 15 2024 17:31:26 GMT-0300 (Brasilia Standard Time)
[debug] [2024-08-15T20:31:26.314Z] ----------------------------------------------------------------------
[debug] 
[debug] [2024-08-15T20:31:26.389Z] Object "" in "firebase.json" has unknown property: {"additionalProperty":"flutter"}
[debug] [2024-08-15T20:31:26.394Z] > command requires scopes: ["email","openid","https://www.googleapis.com/auth/cloudplatformprojects.readonly","https://www.googleapis.com/auth/firebase","https://www.googleapis.com/auth/cloud-platform"]
[debug] [2024-08-15T20:31:26.394Z] > authorizing via signed-in user (publicacaoeasecorte@gmail.com)
[debug] [2024-08-15T20:31:26.394Z] [iam] checking project easecortebaseversion1 for permissions ["cloudfunctions.functions.create","cloudfunctions.functions.delete","cloudfunctions.functions.get","cloudfunctions.functions.list","cloudfunctions.functions.update","cloudfunctions.operations.get","firebase.projects.get"]
[debug] [2024-08-15T20:31:26.397Z] >>> [apiv2][query] POST https://cloudresourcemanager.googleapis.com/v1/projects/easecortebaseversion1:testIamPermissions [none]
[debug] [2024-08-15T20:31:26.397Z] >>> [apiv2][(partial)header] POST https://cloudresourcemanager.googleapis.com/v1/projects/easecortebaseversion1:testIamPermissions x-goog-quota-user=projects/easecortebaseversion1
[debug] [2024-08-15T20:31:26.397Z] >>> [apiv2][body] POST https://cloudresourcemanager.googleapis.com/v1/projects/easecortebaseversion1:testIamPermissions {"permissions":["cloudfunctions.functions.create","cloudfunctions.functions.delete","cloudfunctions.functions.get","cloudfunctions.functions.list","cloudfunctions.functions.update","cloudfunctions.operations.get","firebase.projects.get"]}
[debug] [2024-08-15T20:31:27.452Z] <<< [apiv2][status] POST https://cloudresourcemanager.googleapis.com/v1/projects/easecortebaseversion1:testIamPermissions 200
[debug] [2024-08-15T20:31:27.452Z] <<< [apiv2][body] POST https://cloudresourcemanager.googleapis.com/v1/projects/easecortebaseversion1:testIamPermissions {"permissions":["cloudfunctions.functions.create","cloudfunctions.functions.delete","cloudfunctions.functions.get","cloudfunctions.functions.list","cloudfunctions.functions.update","cloudfunctions.operations.get","firebase.projects.get"]}
[debug] [2024-08-15T20:31:27.452Z] >>> [apiv2][query] POST https://iam.googleapis.com/v1/projects/easecortebaseversion1/serviceAccounts/easecortebaseversion1@appspot.gserviceaccount.com:testIamPermissions [none]
[debug] [2024-08-15T20:31:27.452Z] >>> [apiv2][body] POST https://iam.googleapis.com/v1/projects/easecortebaseversion1/serviceAccounts/easecortebaseversion1@appspot.gserviceaccount.com:testIamPermissions {"permissions":["iam.serviceAccounts.actAs"]}
[debug] [2024-08-15T20:31:28.338Z] <<< [apiv2][status] POST https://iam.googleapis.com/v1/projects/easecortebaseversion1/serviceAccounts/easecortebaseversion1@appspot.gserviceaccount.com:testIamPermissions 200
[debug] [2024-08-15T20:31:28.338Z] <<< [apiv2][body] POST https://iam.googleapis.com/v1/projects/easecortebaseversion1/serviceAccounts/easecortebaseversion1@appspot.gserviceaccount.com:testIamPermissions {"permissions":["iam.serviceAccounts.actAs"]}
[info] 
[info] === Deploying to 'easecortebaseversion1'...
[info] 
[info] i  deploying functions 
[debug] [2024-08-15T20:31:28.343Z] >>> [apiv2][query] GET https://firebase.googleapis.com/v1beta1/projects/easecortebaseversion1 [none]
[debug] [2024-08-15T20:31:28.873Z] <<< [apiv2][status] GET https://firebase.googleapis.com/v1beta1/projects/easecortebaseversion1 200
[debug] [2024-08-15T20:31:28.874Z] <<< [apiv2][body] GET https://firebase.googleapis.com/v1beta1/projects/easecortebaseversion1 {"projectId":"easecortebaseversion1","projectNumber":"600306167967","displayName":"easecortebaseversion1","name":"projects/easecortebaseversion1","resources":{"hostingSite":"easecortebaseversion1","storageBucket":"easecortebaseversion1.appspot.com","locationId":"southamerica-east1"},"state":"ACTIVE","etag":"1_2f8f174c-eaed-417e-a1d0-80a404af3fdb"}
[info] i  functions: preparing codebase default for deployment 
[info] i  functions: ensuring required API cloudfunctions.googleapis.com is enabled... 
[info] i  functions: ensuring required API cloudbuild.googleapis.com is enabled... 
[info] i  artifactregistry: ensuring required API artifactregistry.googleapis.com is enabled... 
[debug] [2024-08-15T20:31:28.878Z] >>> [apiv2][query] GET https://serviceusage.googleapis.com/v1/projects/easecortebaseversion1/services/cloudfunctions.googleapis.com [none]
[debug] [2024-08-15T20:31:28.878Z] >>> [apiv2][(partial)header] GET https://serviceusage.googleapis.com/v1/projects/easecortebaseversion1/services/cloudfunctions.googleapis.com x-goog-quota-user=projects/easecortebaseversion1
[debug] [2024-08-15T20:31:28.880Z] >>> [apiv2][query] GET https://serviceusage.googleapis.com/v1/projects/easecortebaseversion1/services/runtimeconfig.googleapis.com [none]
[debug] [2024-08-15T20:31:28.881Z] >>> [apiv2][(partial)header] GET https://serviceusage.googleapis.com/v1/projects/easecortebaseversion1/services/runtimeconfig.googleapis.com x-goog-quota-user=projects/easecortebaseversion1
[debug] [2024-08-15T20:31:28.883Z] >>> [apiv2][query] GET https://serviceusage.googleapis.com/v1/projects/easecortebaseversion1/services/cloudbuild.googleapis.com [none]
[debug] [2024-08-15T20:31:28.884Z] >>> [apiv2][(partial)header] GET https://serviceusage.googleapis.com/v1/projects/easecortebaseversion1/services/cloudbuild.googleapis.com x-goog-quota-user=projects/easecortebaseversion1
[debug] [2024-08-15T20:31:28.887Z] >>> [apiv2][query] GET https://serviceusage.googleapis.com/v1/projects/easecortebaseversion1/services/artifactregistry.googleapis.com [none]
[debug] [2024-08-15T20:31:28.887Z] >>> [apiv2][(partial)header] GET https://serviceusage.googleapis.com/v1/projects/easecortebaseversion1/services/artifactregistry.googleapis.com x-goog-quota-user=projects/easecortebaseversion1
[debug] [2024-08-15T20:31:30.212Z] <<< [apiv2][status] GET https://serviceusage.googleapis.com/v1/projects/easecortebaseversion1/services/cloudbuild.googleapis.com 200
[debug] [2024-08-15T20:31:30.212Z] <<< [apiv2][body] GET https://serviceusage.googleapis.com/v1/projects/easecortebaseversion1/services/cloudbuild.googleapis.com [omitted]
[info] ✔  functions: required API cloudbuild.googleapis.com is enabled 
[debug] [2024-08-15T20:31:30.213Z] <<< [apiv2][status] GET https://serviceusage.googleapis.com/v1/projects/easecortebaseversion1/services/runtimeconfig.googleapis.com 200
[debug] [2024-08-15T20:31:30.213Z] <<< [apiv2][body] GET https://serviceusage.googleapis.com/v1/projects/easecortebaseversion1/services/runtimeconfig.googleapis.com [omitted]
[debug] [2024-08-15T20:31:30.215Z] <<< [apiv2][status] GET https://serviceusage.googleapis.com/v1/projects/easecortebaseversion1/services/cloudfunctions.googleapis.com 200
[debug] [2024-08-15T20:31:30.215Z] <<< [apiv2][body] GET https://serviceusage.googleapis.com/v1/projects/easecortebaseversion1/services/cloudfunctions.googleapis.com [omitted]
[info] ✔  functions: required API cloudfunctions.googleapis.com is enabled 
[debug] [2024-08-15T20:31:30.216Z] <<< [apiv2][status] GET https://serviceusage.googleapis.com/v1/projects/easecortebaseversion1/services/artifactregistry.googleapis.com 200
[debug] [2024-08-15T20:31:30.216Z] <<< [apiv2][body] GET https://serviceusage.googleapis.com/v1/projects/easecortebaseversion1/services/artifactregistry.googleapis.com [omitted]
[info] ✔  artifactregistry: required API artifactregistry.googleapis.com is enabled 
[debug] [2024-08-15T20:31:30.216Z] >>> [apiv2][query] GET https://firebase.googleapis.com/v1beta1/projects/easecortebaseversion1/adminSdkConfig [none]
[debug] [2024-08-15T20:31:30.920Z] <<< [apiv2][status] GET https://firebase.googleapis.com/v1beta1/projects/easecortebaseversion1/adminSdkConfig 200
[debug] [2024-08-15T20:31:30.920Z] <<< [apiv2][body] GET https://firebase.googleapis.com/v1beta1/projects/easecortebaseversion1/adminSdkConfig {"projectId":"easecortebaseversion1","storageBucket":"easecortebaseversion1.appspot.com","locationId":"southamerica-east1"}
[debug] [2024-08-15T20:31:30.921Z] >>> [apiv2][query] GET https://runtimeconfig.googleapis.com/v1beta1/projects/easecortebaseversion1/configs [none]
[debug] [2024-08-15T20:31:31.989Z] <<< [apiv2][status] GET https://runtimeconfig.googleapis.com/v1beta1/projects/easecortebaseversion1/configs 200
[debug] [2024-08-15T20:31:31.990Z] <<< [apiv2][body] GET https://runtimeconfig.googleapis.com/v1beta1/projects/easecortebaseversion1/configs {}
[debug] [2024-08-15T20:31:31.994Z] Validating nodejs source
[warn] ⚠  functions: package.json indicates an outdated version of firebase-functions. Please upgrade using npm install --save firebase-functions@latest in your functions directory. 
[warn] ⚠  functions: Please note that there will be breaking changes when you upgrade. 
[debug] [2024-08-15T20:31:32.799Z] > [functions] package.json contents: {
  "name": "functions",
  "description": "Cloud Functions for Firebase",
  "scripts": {
    "serve": "firebase emulators:start --only functions",
    "shell": "firebase functions:shell",
    "start": "npm run shell",
    "deploy": "firebase deploy --only functions",
    "logs": "firebase functions:log"
  },
  "engines": {
    "node": "18"
  },
  "main": "index.js",
  "dependencies": {
    "firebase-admin": "^11.8.0",
    "firebase-functions": "^4.3.1"
  },
  "devDependencies": {
    "firebase-functions-test": "^3.1.0"
  },
  "private": true
}
[debug] [2024-08-15T20:31:32.800Z] Building nodejs source
[info] i  functions: Loading and analyzing source code for codebase default to determine what to deploy 
[debug] [2024-08-15T20:31:32.801Z] Could not find functions.yaml. Must use http discovery
[debug] [2024-08-15T20:31:32.818Z] Found firebase-functions binary at '/Volumes/GabrielPc/Documentos-new/barbearias/base/base2/functions/node_modules/.bin/firebase-functions'
[info] Serving at port 8627

[debug] [2024-08-15T20:31:34.503Z] Got response from /__/functions.yaml {"endpoints":{"manyChatProxy":{"platform":"gcfv1","availableMemoryMb":null,"timeoutSeconds":null,"minInstances":null,"maxInstances":null,"ingressSettings":null,"serviceAccountEmail":null,"vpc":null,"httpsTrigger":{},"entryPoint":"manyChatProxy"}},"specVersion":"v1alpha1","requiredAPIs":[]}
[info] i  functions: preparing functions directory for uploading... 
[info] i  functions: packaged /Volumes/GabrielPc/Documentos-new/barbearias/base/base2/functions (76.43 KB) for uploading 
[debug] [2024-08-15T20:31:34.716Z] >>> [apiv2][query] GET https://cloudfunctions.googleapis.com/v1/projects/easecortebaseversion1/locations/-/functions [none]
[debug] [2024-08-15T20:31:35.811Z] <<< [apiv2][status] GET https://cloudfunctions.googleapis.com/v1/projects/easecortebaseversion1/locations/-/functions 200
[debug] [2024-08-15T20:31:35.812Z] <<< [apiv2][body] GET https://cloudfunctions.googleapis.com/v1/projects/easecortebaseversion1/locations/-/functions {"functions":[{"name":"projects/easecortebaseversion1/locations/us-central1/functions/manyChatProxy","httpsTrigger":{"url":"https://us-central1-easecortebaseversion1.cloudfunctions.net/manyChatProxy","securityLevel":"SECURE_ALWAYS"},"status":"OFFLINE","entryPoint":"manyChatProxy","timeout":"60s","availableMemoryMb":256,"serviceAccountEmail":"easecortebaseversion1@appspot.gserviceaccount.com","updateTime":"2024-08-15T20:03:58.634Z","versionId":"2","labels":{"deployment-tool":"cli-firebase","firebase-functions-hash":"6a06fc18560a58f6e88dc335cad1c3aaef913219"},"sourceUploadUrl":"https://storage.googleapis.com/uploads-540339921359.us-central1.cloudfunctions.appspot.com/c202fa31-5e40-4a0b-8588-c199ba2297aa.zip","environmentVariables":{"FIREBASE_CONFIG":"{\"projectId\":\"easecortebaseversion1\",\"storageBucket\":\"easecortebaseversion1.appspot.com\",\"locationId\":\"southamerica-east1\"}","GCLOUD_PROJECT":"easecortebaseversion1","EVENTARC_CLOUD_EVENT_SOURCE":"projects/easecortebaseversion1/locations/us-central1/functions/manyChatProxy"},"runtime":"nodejs18","ingressSettings":"ALLOW_ALL","buildId":"c47430be-5d94-477a-a87b-1b89767f06fc","buildEnvironmentVariables":{"GOOGLE_NODE_RUN_SCRIPTS":""},"buildName":"projects/600306167967/locations/us-central1/builds/c47430be-5d94-477a-a87b-1b89767f06fc","dockerRegistry":"ARTIFACT_REGISTRY","automaticUpdatePolicy":{},"buildServiceAccount":"600306167967-compute@developer.gserviceaccount.com"}]}
[debug] [2024-08-15T20:31:35.816Z] >>> [apiv2][query] GET https://cloudfunctions.googleapis.com/v2/projects/easecortebaseversion1/locations/-/functions filter=environment%3D%22GEN_2%22
[debug] [2024-08-15T20:31:37.163Z] <<< [apiv2][status] GET https://cloudfunctions.googleapis.com/v2/projects/easecortebaseversion1/locations/-/functions 200
[debug] [2024-08-15T20:31:37.163Z] <<< [apiv2][body] GET https://cloudfunctions.googleapis.com/v2/projects/easecortebaseversion1/locations/-/functions {}
[debug] [2024-08-15T20:31:37.171Z] >>> [apiv2][query] GET https://firebase.googleapis.com/v1beta1/projects/easecortebaseversion1 [none]
[debug] [2024-08-15T20:31:37.678Z] <<< [apiv2][status] GET https://firebase.googleapis.com/v1beta1/projects/easecortebaseversion1 200
[debug] [2024-08-15T20:31:37.678Z] <<< [apiv2][body] GET https://firebase.googleapis.com/v1beta1/projects/easecortebaseversion1 {"projectId":"easecortebaseversion1","projectNumber":"600306167967","displayName":"easecortebaseversion1","name":"projects/easecortebaseversion1","resources":{"hostingSite":"easecortebaseversion1","storageBucket":"easecortebaseversion1.appspot.com","locationId":"southamerica-east1"},"state":"ACTIVE","etag":"1_2f8f174c-eaed-417e-a1d0-80a404af3fdb"}
[debug] [2024-08-15T20:31:37.681Z] >>> [apiv2][query] POST https://cloudfunctions.googleapis.com/v1/projects/easecortebaseversion1/locations/us-central1/functions:generateUploadUrl [none]
[debug] [2024-08-15T20:31:37.681Z] >>> [apiv2][body] POST https://cloudfunctions.googleapis.com/v1/projects/easecortebaseversion1/locations/us-central1/functions:generateUploadUrl {}
[debug] [2024-08-15T20:31:38.805Z] <<< [apiv2][status] POST https://cloudfunctions.googleapis.com/v1/projects/easecortebaseversion1/locations/us-central1/functions:generateUploadUrl 200
[debug] [2024-08-15T20:31:38.806Z] <<< [apiv2][body] POST https://cloudfunctions.googleapis.com/v1/projects/easecortebaseversion1/locations/us-central1/functions:generateUploadUrl {"uploadUrl":"https://storage.googleapis.com/uploads-540339921359.us-central1.cloudfunctions.appspot.com/219b988b-c5c2-4dc2-89ad-69d4b46a5fad.zip?GoogleAccessId=service-600306167967@gcf-admin-robot.iam.gserviceaccount.com&Expires=1723755698&Signature=UeH9Xo8J%2FkgZMsAOaX%2Fj4271WzkPpivzVVG5sEuHfiP1VR4yf%2BRxr5BieVSm%2Bb9CUGB3VXmZ%2BD91VC7NzBT55%2BAP3mdk3c6vCzFMfUf0A4mr7oxu1ft1PAB%2BXuXl4Yw8yfrlYz9JIEKmGKdSYZ60MnostUe9QWgrdkcEm3TVa0X3HCjZbtvpBNKe5zfvfxRTZKbY%2FmqAD7hNQPVTl3jOpab%2FHPaKytzikXnBVWy56Mf0NkA2fttvKyufl2pwVsG%2BaXoIDnRdlILmlznfvXV9lVhAgSxQR%2BA9FTQ%2FMMpBaD8NrUfFTz3IalWuHw6wdgDV1MPqF6czpSP0N4t069G5kw%3D%3D"}
[debug] [2024-08-15T20:31:38.808Z] >>> [apiv2][query] PUT https://storage.googleapis.com/uploads-540339921359.us-central1.cloudfunctions.appspot.com/219b988b-c5c2-4dc2-89ad-69d4b46a5fad.zip GoogleAccessId=service-600306167967%40gcf-admin-robot.iam.gserviceaccount.com&Expires=1723755698&Signature=UeH9Xo8J%2FkgZMsAOaX%2Fj4271WzkPpivzVVG5sEuHfiP1VR4yf%2BRxr5BieVSm%2Bb9CUGB3VXmZ%2BD91VC7NzBT55%2BAP3mdk3c6vCzFMfUf0A4mr7oxu1ft1PAB%2BXuXl4Yw8yfrlYz9JIEKmGKdSYZ60MnostUe9QWgrdkcEm3TVa0X3HCjZbtvpBNKe5zfvfxRTZKbY%2FmqAD7hNQPVTl3jOpab%2FHPaKytzikXnBVWy56Mf0NkA2fttvKyufl2pwVsG%2BaXoIDnRdlILmlznfvXV9lVhAgSxQR%2BA9FTQ%2FMMpBaD8NrUfFTz3IalWuHw6wdgDV1MPqF6czpSP0N4t069G5kw%3D%3D
[debug] [2024-08-15T20:31:38.808Z] >>> [apiv2][body] PUT https://storage.googleapis.com/uploads-540339921359.us-central1.cloudfunctions.appspot.com/219b988b-c5c2-4dc2-89ad-69d4b46a5fad.zip [stream]
[debug] [2024-08-15T20:31:40.340Z] <<< [apiv2][status] PUT https://storage.googleapis.com/uploads-540339921359.us-central1.cloudfunctions.appspot.com/219b988b-c5c2-4dc2-89ad-69d4b46a5fad.zip 200
[debug] [2024-08-15T20:31:40.340Z] <<< [apiv2][body] PUT https://storage.googleapis.com/uploads-540339921359.us-central1.cloudfunctions.appspot.com/219b988b-c5c2-4dc2-89ad-69d4b46a5fad.zip [omitted]
[info] ✔  functions: functions folder uploaded successfully 
[info] i  functions: updating Node.js 18 (1st Gen) function manyChatProxy(us-central1)... 
[debug] [2024-08-15T20:31:40.351Z] >>> [apiv2][query] PATCH https://cloudfunctions.googleapis.com/v1/projects/easecortebaseversion1/locations/us-central1/functions/manyChatProxy updateMask=name%2CsourceUploadUrl%2CentryPoint%2Cruntime%2CdockerRegistry%2Clabels%2ChttpsTrigger.securityLevel%2CminInstances%2CmaxInstances%2CingressSettings%2CenvironmentVariables%2CserviceAccountEmail%2CavailableMemoryMb%2Ctimeout%2CvpcConnector%2CvpcConnectorEgressSettings%2CsourceToken%2CbuildEnvironmentVariables
[debug] [2024-08-15T20:31:40.352Z] >>> [apiv2][body] PATCH https://cloudfunctions.googleapis.com/v1/projects/easecortebaseversion1/locations/us-central1/functions/manyChatProxy {"name":"projects/easecortebaseversion1/locations/us-central1/functions/manyChatProxy","sourceUploadUrl":"https://storage.googleapis.com/uploads-540339921359.us-central1.cloudfunctions.appspot.com/219b988b-c5c2-4dc2-89ad-69d4b46a5fad.zip?GoogleAccessId=service-600306167967@gcf-admin-robot.iam.gserviceaccount.com&Expires=1723755698&Signature=UeH9Xo8J%2FkgZMsAOaX%2Fj4271WzkPpivzVVG5sEuHfiP1VR4yf%2BRxr5BieVSm%2Bb9CUGB3VXmZ%2BD91VC7NzBT55%2BAP3mdk3c6vCzFMfUf0A4mr7oxu1ft1PAB%2BXuXl4Yw8yfrlYz9JIEKmGKdSYZ60MnostUe9QWgrdkcEm3TVa0X3HCjZbtvpBNKe5zfvfxRTZKbY%2FmqAD7hNQPVTl3jOpab%2FHPaKytzikXnBVWy56Mf0NkA2fttvKyufl2pwVsG%2BaXoIDnRdlILmlznfvXV9lVhAgSxQR%2BA9FTQ%2FMMpBaD8NrUfFTz3IalWuHw6wdgDV1MPqF6czpSP0N4t069G5kw%3D%3D","entryPoint":"manyChatProxy","runtime":"nodejs18","dockerRegistry":"ARTIFACT_REGISTRY","labels":{"deployment-tool":"cli-firebase","firebase-functions-hash":"93f6a7332f010fc142824c6fae7baa81e8e32a26"},"httpsTrigger":{"securityLevel":"SECURE_ALWAYS"},"minInstances":null,"maxInstances":null,"ingressSettings":null,"environmentVariables":{"FIREBASE_CONFIG":"{\"projectId\":\"easecortebaseversion1\",\"storageBucket\":\"easecortebaseversion1.appspot.com\",\"locationId\":\"southamerica-east1\"}","GCLOUD_PROJECT":"easecortebaseversion1","EVENTARC_CLOUD_EVENT_SOURCE":"projects/easecortebaseversion1/locations/us-central1/functions/manyChatProxy"},"serviceAccountEmail":null,"availableMemoryMb":null,"timeout":null,"vpcConnector":null,"vpcConnectorEgressSettings":null,"buildEnvironmentVariables":{"GOOGLE_NODE_RUN_SCRIPTS":""}}
[debug] [2024-08-15T20:31:41.472Z] <<< [apiv2][status] PATCH https://cloudfunctions.googleapis.com/v1/projects/easecortebaseversion1/locations/us-central1/functions/manyChatProxy 200
[debug] [2024-08-15T20:31:41.472Z] <<< [apiv2][body] PATCH https://cloudfunctions.googleapis.com/v1/projects/easecortebaseversion1/locations/us-central1/functions/manyChatProxy {"name":"operations/ZWFzZWNvcnRlYmFzZXZlcnNpb24xL3VzLWNlbnRyYWwxL21hbnlDaGF0UHJveHkvLTBOLXlFM0ZqdXc","metadata":{"@type":"type.googleapis.com/google.cloud.functions.v1.OperationMetadataV1","target":"projects/easecortebaseversion1/locations/us-central1/functions/manyChatProxy","type":"UPDATE_FUNCTION","request":{"@type":"type.googleapis.com/google.cloud.functions.v1.CloudFunction","name":"projects/easecortebaseversion1/locations/us-central1/functions/manyChatProxy","httpsTrigger":{"url":"https://us-central1-easecortebaseversion1.cloudfunctions.net/manyChatProxy","securityLevel":"SECURE_ALWAYS"},"status":"OFFLINE","entryPoint":"manyChatProxy","updateTime":"2024-08-15T20:03:58.634Z","versionId":"2","labels":{"deployment-tool":"cli-firebase","firebase-functions-hash":"93f6a7332f010fc142824c6fae7baa81e8e32a26"},"sourceUploadUrl":"https://storage.googleapis.com/uploads-540339921359.us-central1.cloudfunctions.appspot.com/219b988b-c5c2-4dc2-89ad-69d4b46a5fad.zip?GoogleAccessId=service-600306167967@gcf-admin-robot.iam.gserviceaccount.com&Expires=1723755698&Signature=UeH9Xo8J%2FkgZMsAOaX%2Fj4271WzkPpivzVVG5sEuHfiP1VR4yf%2BRxr5BieVSm%2Bb9CUGB3VXmZ%2BD91VC7NzBT55%2BAP3mdk3c6vCzFMfUf0A4mr7oxu1ft1PAB%2BXuXl4Yw8yfrlYz9JIEKmGKdSYZ60MnostUe9QWgrdkcEm3TVa0X3HCjZbtvpBNKe5zfvfxRTZKbY%2FmqAD7hNQPVTl3jOpab%2FHPaKytzikXnBVWy56Mf0NkA2fttvKyufl2pwVsG%2BaXoIDnRdlILmlznfvXV9lVhAgSxQR%2BA9FTQ%2FMMpBaD8NrUfFTz3IalWuHw6wdgDV1MPqF6czpSP0N4t069G5kw%3D%3D","environmentVariables":{"FIREBASE_CONFIG":"{\"projectId\":\"easecortebaseversion1\",\"storageBucket\":\"easecortebaseversion1.appspot.com\",\"locationId\":\"southamerica-east1\"}","GCLOUD_PROJECT":"easecortebaseversion1","EVENTARC_CLOUD_EVENT_SOURCE":"projects/easecortebaseversion1/locations/us-central1/functions/manyChatProxy"},"runtime":"nodejs18","buildId":"c47430be-5d94-477a-a87b-1b89767f06fc","buildEnvironmentVariables":{"GOOGLE_NODE_RUN_SCRIPTS":""},"buildName":"projects/600306167967/locations/us-central1/builds/c47430be-5d94-477a-a87b-1b89767f06fc","dockerRegistry":"ARTIFACT_REGISTRY","automaticUpdatePolicy":{},"buildServiceAccount":"600306167967-compute@developer.gserviceaccount.com"},"versionId":"3","updateTime":"2024-08-15T20:31:41Z"}}
[debug] [2024-08-15T20:31:41.474Z] >>> [apiv2][query] GET https://cloudfunctions.googleapis.com/v1/operations/ZWFzZWNvcnRlYmFzZXZlcnNpb24xL3VzLWNlbnRyYWwxL21hbnlDaGF0UHJveHkvLTBOLXlFM0ZqdXc [none]
[debug] [2024-08-15T20:31:41.981Z] <<< [apiv2][status] GET https://cloudfunctions.googleapis.com/v1/operations/ZWFzZWNvcnRlYmFzZXZlcnNpb24xL3VzLWNlbnRyYWwxL21hbnlDaGF0UHJveHkvLTBOLXlFM0ZqdXc 200
[debug] [2024-08-15T20:31:41.982Z] <<< [apiv2][body] GET https://cloudfunctions.googleapis.com/v1/operations/ZWFzZWNvcnRlYmFzZXZlcnNpb24xL3VzLWNlbnRyYWwxL21hbnlDaGF0UHJveHkvLTBOLXlFM0ZqdXc {"name":"operations/ZWFzZWNvcnRlYmFzZXZlcnNpb24xL3VzLWNlbnRyYWwxL21hbnlDaGF0UHJveHkvLTBOLXlFM0ZqdXc","metadata":{"@type":"type.googleapis.com/google.cloud.functions.v1.OperationMetadataV1","target":"projects/easecortebaseversion1/locations/us-central1/functions/manyChatProxy","type":"UPDATE_FUNCTION","request":{"@type":"type.googleapis.com/google.cloud.functions.v1.CloudFunction","name":"projects/easecortebaseversion1/locations/us-central1/functions/manyChatProxy","httpsTrigger":{"url":"https://us-central1-easecortebaseversion1.cloudfunctions.net/manyChatProxy","securityLevel":"SECURE_ALWAYS"},"status":"OFFLINE","entryPoint":"manyChatProxy","updateTime":"2024-08-15T20:03:58.634Z","versionId":"2","labels":{"deployment-tool":"cli-firebase","firebase-functions-hash":"93f6a7332f010fc142824c6fae7baa81e8e32a26"},"sourceUploadUrl":"https://storage.googleapis.com/uploads-540339921359.us-central1.cloudfunctions.appspot.com/219b988b-c5c2-4dc2-89ad-69d4b46a5fad.zip?GoogleAccessId=service-600306167967@gcf-admin-robot.iam.gserviceaccount.com&Expires=1723755698&Signature=UeH9Xo8J%2FkgZMsAOaX%2Fj4271WzkPpivzVVG5sEuHfiP1VR4yf%2BRxr5BieVSm%2Bb9CUGB3VXmZ%2BD91VC7NzBT55%2BAP3mdk3c6vCzFMfUf0A4mr7oxu1ft1PAB%2BXuXl4Yw8yfrlYz9JIEKmGKdSYZ60MnostUe9QWgrdkcEm3TVa0X3HCjZbtvpBNKe5zfvfxRTZKbY%2FmqAD7hNQPVTl3jOpab%2FHPaKytzikXnBVWy56Mf0NkA2fttvKyufl2pwVsG%2BaXoIDnRdlILmlznfvXV9lVhAgSxQR%2BA9FTQ%2FMMpBaD8NrUfFTz3IalWuHw6wdgDV1MPqF6czpSP0N4t069G5kw%3D%3D","environmentVariables":{"FIREBASE_CONFIG":"{\"projectId\":\"easecortebaseversion1\",\"storageBucket\":\"easecortebaseversion1.appspot.com\",\"locationId\":\"southamerica-east1\"}","GCLOUD_PROJECT":"easecortebaseversion1","EVENTARC_CLOUD_EVENT_SOURCE":"projects/easecortebaseversion1/locations/us-central1/functions/manyChatProxy"},"runtime":"nodejs18","buildId":"c47430be-5d94-477a-a87b-1b89767f06fc","buildEnvironmentVariables":{"GOOGLE_NODE_RUN_SCRIPTS":""},"buildName":"projects/600306167967/locations/us-central1/builds/c47430be-5d94-477a-a87b-1b89767f06fc","dockerRegistry":"ARTIFACT_REGISTRY","automaticUpdatePolicy":{},"buildServiceAccount":"600306167967-compute@developer.gserviceaccount.com"},"versionId":"3","updateTime":"2024-08-15T20:31:41Z"}}
[debug] [2024-08-15T20:31:42.485Z] [update-default-us-central1-manyChatProxy] Retrying task index 0
[debug] [2024-08-15T20:31:42.485Z] >>> [apiv2][query] GET https://cloudfunctions.googleapis.com/v1/operations/ZWFzZWNvcnRlYmFzZXZlcnNpb24xL3VzLWNlbnRyYWwxL21hbnlDaGF0UHJveHkvLTBOLXlFM0ZqdXc [none]
[debug] [2024-08-15T20:31:43.208Z] <<< [apiv2][status] GET https://cloudfunctions.googleapis.com/v1/operations/ZWFzZWNvcnRlYmFzZXZlcnNpb24xL3VzLWNlbnRyYWwxL21hbnlDaGF0UHJveHkvLTBOLXlFM0ZqdXc 200
[debug] [2024-08-15T20:31:43.208Z] <<< [apiv2][body] GET https://cloudfunctions.googleapis.com/v1/operations/ZWFzZWNvcnRlYmFzZXZlcnNpb24xL3VzLWNlbnRyYWwxL21hbnlDaGF0UHJveHkvLTBOLXlFM0ZqdXc {"name":"operations/ZWFzZWNvcnRlYmFzZXZlcnNpb24xL3VzLWNlbnRyYWwxL21hbnlDaGF0UHJveHkvLTBOLXlFM0ZqdXc","metadata":{"@type":"type.googleapis.com/google.cloud.functions.v1.OperationMetadataV1","target":"projects/easecortebaseversion1/locations/us-central1/functions/manyChatProxy","type":"UPDATE_FUNCTION","request":{"@type":"type.googleapis.com/google.cloud.functions.v1.CloudFunction","name":"projects/easecortebaseversion1/locations/us-central1/functions/manyChatProxy","httpsTrigger":{"url":"https://us-central1-easecortebaseversion1.cloudfunctions.net/manyChatProxy","securityLevel":"SECURE_ALWAYS"},"status":"OFFLINE","entryPoint":"manyChatProxy","updateTime":"2024-08-15T20:03:58.634Z","versionId":"2","labels":{"deployment-tool":"cli-firebase","firebase-functions-hash":"93f6a7332f010fc142824c6fae7baa81e8e32a26"},"sourceUploadUrl":"https://storage.googleapis.com/uploads-540339921359.us-central1.cloudfunctions.appspot.com/219b988b-c5c2-4dc2-89ad-69d4b46a5fad.zip?GoogleAccessId=service-600306167967@gcf-admin-robot.iam.gserviceaccount.com&Expires=1723755698&Signature=UeH9Xo8J%2FkgZMsAOaX%2Fj4271WzkPpivzVVG5sEuHfiP1VR4yf%2BRxr5BieVSm%2Bb9CUGB3VXmZ%2BD91VC7NzBT55%2BAP3mdk3c6vCzFMfUf0A4mr7oxu1ft1PAB%2BXuXl4Yw8yfrlYz9JIEKmGKdSYZ60MnostUe9QWgrdkcEm3TVa0X3HCjZbtvpBNKe5zfvfxRTZKbY%2FmqAD7hNQPVTl3jOpab%2FHPaKytzikXnBVWy56Mf0NkA2fttvKyufl2pwVsG%2BaXoIDnRdlILmlznfvXV9lVhAgSxQR%2BA9FTQ%2FMMpBaD8NrUfFTz3IalWuHw6wdgDV1MPqF6czpSP0N4t069G5kw%3D%3D","environmentVariables":{"FIREBASE_CONFIG":"{\"projectId\":\"easecortebaseversion1\",\"storageBucket\":\"easecortebaseversion1.appspot.com\",\"locationId\":\"southamerica-east1\"}","GCLOUD_PROJECT":"easecortebaseversion1","EVENTARC_CLOUD_EVENT_SOURCE":"projects/easecortebaseversion1/locations/us-central1/functions/manyChatProxy"},"runtime":"nodejs18","buildId":"c47430be-5d94-477a-a87b-1b89767f06fc","buildEnvironmentVariables":{"GOOGLE_NODE_RUN_SCRIPTS":""},"buildName":"projects/600306167967/locations/us-central1/builds/c47430be-5d94-477a-a87b-1b89767f06fc","dockerRegistry":"ARTIFACT_REGISTRY","automaticUpdatePolicy":{},"buildServiceAccount":"600306167967-compute@developer.gserviceaccount.com"},"versionId":"3","updateTime":"2024-08-15T20:31:41Z","buildId":"16978dfe-e9b3-4fef-a004-99000a3b31e4","buildName":"projects/600306167967/locations/us-central1/builds/16978dfe-e9b3-4fef-a004-99000a3b31e4"}}
[debug] [2024-08-15T20:31:44.208Z] [update-default-us-central1-manyChatProxy] Retrying task index 0
[debug] [2024-08-15T20:31:44.209Z] >>> [apiv2][query] GET https://cloudfunctions.googleapis.com/v1/operations/ZWFzZWNvcnRlYmFzZXZlcnNpb24xL3VzLWNlbnRyYWwxL21hbnlDaGF0UHJveHkvLTBOLXlFM0ZqdXc [none]
[debug] [2024-08-15T20:31:44.953Z] <<< [apiv2][status] GET https://cloudfunctions.googleapis.com/v1/operations/ZWFzZWNvcnRlYmFzZXZlcnNpb24xL3VzLWNlbnRyYWwxL21hbnlDaGF0UHJveHkvLTBOLXlFM0ZqdXc 200
[debug] [2024-08-15T20:31:44.953Z] <<< [apiv2][body] GET https://cloudfunctions.googleapis.com/v1/operations/ZWFzZWNvcnRlYmFzZXZlcnNpb24xL3VzLWNlbnRyYWwxL21hbnlDaGF0UHJveHkvLTBOLXlFM0ZqdXc {"name":"operations/ZWFzZWNvcnRlYmFzZXZlcnNpb24xL3VzLWNlbnRyYWwxL21hbnlDaGF0UHJveHkvLTBOLXlFM0ZqdXc","metadata":{"@type":"type.googleapis.com/google.cloud.functions.v1.OperationMetadataV1","target":"projects/easecortebaseversion1/locations/us-central1/functions/manyChatProxy","type":"UPDATE_FUNCTION","request":{"@type":"type.googleapis.com/google.cloud.functions.v1.CloudFunction","name":"projects/easecortebaseversion1/locations/us-central1/functions/manyChatProxy","httpsTrigger":{"url":"https://us-central1-easecortebaseversion1.cloudfunctions.net/manyChatProxy","securityLevel":"SECURE_ALWAYS"},"status":"OFFLINE","entryPoint":"manyChatProxy","updateTime":"2024-08-15T20:03:58.634Z","versionId":"2","labels":{"deployment-tool":"cli-firebase","firebase-functions-hash":"93f6a7332f010fc142824c6fae7baa81e8e32a26"},"sourceUploadUrl":"https://storage.googleapis.com/uploads-540339921359.us-central1.cloudfunctions.appspot.com/219b988b-c5c2-4dc2-89ad-69d4b46a5fad.zip?GoogleAccessId=service-600306167967@gcf-admin-robot.iam.gserviceaccount.com&Expires=1723755698&Signature=UeH9Xo8J%2FkgZMsAOaX%2Fj4271WzkPpivzVVG5sEuHfiP1VR4yf%2BRxr5BieVSm%2Bb9CUGB3VXmZ%2BD91VC7NzBT55%2BAP3mdk3c6vCzFMfUf0A4mr7oxu1ft1PAB%2BXuXl4Yw8yfrlYz9JIEKmGKdSYZ60MnostUe9QWgrdkcEm3TVa0X3HCjZbtvpBNKe5zfvfxRTZKbY%2FmqAD7hNQPVTl3jOpab%2FHPaKytzikXnBVWy56Mf0NkA2fttvKyufl2pwVsG%2BaXoIDnRdlILmlznfvXV9lVhAgSxQR%2BA9FTQ%2FMMpBaD8NrUfFTz3IalWuHw6wdgDV1MPqF6czpSP0N4t069G5kw%3D%3D","environmentVariables":{"FIREBASE_CONFIG":"{\"projectId\":\"easecortebaseversion1\",\"storageBucket\":\"easecortebaseversion1.appspot.com\",\"locationId\":\"southamerica-east1\"}","GCLOUD_PROJECT":"easecortebaseversion1","EVENTARC_CLOUD_EVENT_SOURCE":"projects/easecortebaseversion1/locations/us-central1/functions/manyChatProxy"},"runtime":"nodejs18","buildId":"c47430be-5d94-477a-a87b-1b89767f06fc","buildEnvironmentVariables":{"GOOGLE_NODE_RUN_SCRIPTS":""},"buildName":"projects/600306167967/locations/us-central1/builds/c47430be-5d94-477a-a87b-1b89767f06fc","dockerRegistry":"ARTIFACT_REGISTRY","automaticUpdatePolicy":{},"buildServiceAccount":"600306167967-compute@developer.gserviceaccount.com"},"versionId":"3","updateTime":"2024-08-15T20:31:41Z","buildId":"16978dfe-e9b3-4fef-a004-99000a3b31e4","buildName":"projects/600306167967/locations/us-central1/builds/16978dfe-e9b3-4fef-a004-99000a3b31e4"}}
[debug] [2024-08-15T20:31:46.955Z] [update-default-us-central1-manyChatProxy] Retrying task index 0
[debug] [2024-08-15T20:31:46.955Z] >>> [apiv2][query] GET https://cloudfunctions.googleapis.com/v1/operations/ZWFzZWNvcnRlYmFzZXZlcnNpb24xL3VzLWNlbnRyYWwxL21hbnlDaGF0UHJveHkvLTBOLXlFM0ZqdXc [none]
[debug] [2024-08-15T20:31:47.717Z] <<< [apiv2][status] GET https://cloudfunctions.googleapis.com/v1/operations/ZWFzZWNvcnRlYmFzZXZlcnNpb24xL3VzLWNlbnRyYWwxL21hbnlDaGF0UHJveHkvLTBOLXlFM0ZqdXc 200
[debug] [2024-08-15T20:31:47.717Z] <<< [apiv2][body] GET https://cloudfunctions.googleapis.com/v1/operations/ZWFzZWNvcnRlYmFzZXZlcnNpb24xL3VzLWNlbnRyYWwxL21hbnlDaGF0UHJveHkvLTBOLXlFM0ZqdXc {"name":"operations/ZWFzZWNvcnRlYmFzZXZlcnNpb24xL3VzLWNlbnRyYWwxL21hbnlDaGF0UHJveHkvLTBOLXlFM0ZqdXc","metadata":{"@type":"type.googleapis.com/google.cloud.functions.v1.OperationMetadataV1","target":"projects/easecortebaseversion1/locations/us-central1/functions/manyChatProxy","type":"UPDATE_FUNCTION","request":{"@type":"type.googleapis.com/google.cloud.functions.v1.CloudFunction","name":"projects/easecortebaseversion1/locations/us-central1/functions/manyChatProxy","httpsTrigger":{"url":"https://us-central1-easecortebaseversion1.cloudfunctions.net/manyChatProxy","securityLevel":"SECURE_ALWAYS"},"status":"OFFLINE","entryPoint":"manyChatProxy","updateTime":"2024-08-15T20:03:58.634Z","versionId":"2","labels":{"deployment-tool":"cli-firebase","firebase-functions-hash":"93f6a7332f010fc142824c6fae7baa81e8e32a26"},"sourceUploadUrl":"https://storage.googleapis.com/uploads-540339921359.us-central1.cloudfunctions.appspot.com/219b988b-c5c2-4dc2-89ad-69d4b46a5fad.zip?GoogleAccessId=service-600306167967@gcf-admin-robot.iam.gserviceaccount.com&Expires=1723755698&Signature=UeH9Xo8J%2FkgZMsAOaX%2Fj4271WzkPpivzVVG5sEuHfiP1VR4yf%2BRxr5BieVSm%2Bb9CUGB3VXmZ%2BD91VC7NzBT55%2BAP3mdk3c6vCzFMfUf0A4mr7oxu1ft1PAB%2BXuXl4Yw8yfrlYz9JIEKmGKdSYZ60MnostUe9QWgrdkcEm3TVa0X3HCjZbtvpBNKe5zfvfxRTZKbY%2FmqAD7hNQPVTl3jOpab%2FHPaKytzikXnBVWy56Mf0NkA2fttvKyufl2pwVsG%2BaXoIDnRdlILmlznfvXV9lVhAgSxQR%2BA9FTQ%2FMMpBaD8NrUfFTz3IalWuHw6wdgDV1MPqF6czpSP0N4t069G5kw%3D%3D","environmentVariables":{"FIREBASE_CONFIG":"{\"projectId\":\"easecortebaseversion1\",\"storageBucket\":\"easecortebaseversion1.appspot.com\",\"locationId\":\"southamerica-east1\"}","GCLOUD_PROJECT":"easecortebaseversion1","EVENTARC_CLOUD_EVENT_SOURCE":"projects/easecortebaseversion1/locations/us-central1/functions/manyChatProxy"},"runtime":"nodejs18","buildId":"c47430be-5d94-477a-a87b-1b89767f06fc","buildEnvironmentVariables":{"GOOGLE_NODE_RUN_SCRIPTS":""},"buildName":"projects/600306167967/locations/us-central1/builds/c47430be-5d94-477a-a87b-1b89767f06fc","dockerRegistry":"ARTIFACT_REGISTRY","automaticUpdatePolicy":{},"buildServiceAccount":"600306167967-compute@developer.gserviceaccount.com"},"versionId":"3","updateTime":"2024-08-15T20:31:41Z","buildId":"16978dfe-e9b3-4fef-a004-99000a3b31e4","buildName":"projects/600306167967/locations/us-central1/builds/16978dfe-e9b3-4fef-a004-99000a3b31e4"}}
[debug] [2024-08-15T20:31:51.719Z] [update-default-us-central1-manyChatProxy] Retrying task index 0
[debug] [2024-08-15T20:31:51.719Z] >>> [apiv2][query] GET https://cloudfunctions.googleapis.com/v1/operations/ZWFzZWNvcnRlYmFzZXZlcnNpb24xL3VzLWNlbnRyYWwxL21hbnlDaGF0UHJveHkvLTBOLXlFM0ZqdXc [none]
[debug] [2024-08-15T20:31:52.405Z] <<< [apiv2][status] GET https://cloudfunctions.googleapis.com/v1/operations/ZWFzZWNvcnRlYmFzZXZlcnNpb24xL3VzLWNlbnRyYWwxL21hbnlDaGF0UHJveHkvLTBOLXlFM0ZqdXc 200
[debug] [2024-08-15T20:31:52.406Z] <<< [apiv2][body] GET https://cloudfunctions.googleapis.com/v1/operations/ZWFzZWNvcnRlYmFzZXZlcnNpb24xL3VzLWNlbnRyYWwxL21hbnlDaGF0UHJveHkvLTBOLXlFM0ZqdXc {"name":"operations/ZWFzZWNvcnRlYmFzZXZlcnNpb24xL3VzLWNlbnRyYWwxL21hbnlDaGF0UHJveHkvLTBOLXlFM0ZqdXc","metadata":{"@type":"type.googleapis.com/google.cloud.functions.v1.OperationMetadataV1","target":"projects/easecortebaseversion1/locations/us-central1/functions/manyChatProxy","type":"UPDATE_FUNCTION","request":{"@type":"type.googleapis.com/google.cloud.functions.v1.CloudFunction","name":"projects/easecortebaseversion1/locations/us-central1/functions/manyChatProxy","httpsTrigger":{"url":"https://us-central1-easecortebaseversion1.cloudfunctions.net/manyChatProxy","securityLevel":"SECURE_ALWAYS"},"status":"OFFLINE","entryPoint":"manyChatProxy","updateTime":"2024-08-15T20:03:58.634Z","versionId":"2","labels":{"deployment-tool":"cli-firebase","firebase-functions-hash":"93f6a7332f010fc142824c6fae7baa81e8e32a26"},"sourceUploadUrl":"https://storage.googleapis.com/uploads-540339921359.us-central1.cloudfunctions.appspot.com/219b988b-c5c2-4dc2-89ad-69d4b46a5fad.zip?GoogleAccessId=service-600306167967@gcf-admin-robot.iam.gserviceaccount.com&Expires=1723755698&Signature=UeH9Xo8J%2FkgZMsAOaX%2Fj4271WzkPpivzVVG5sEuHfiP1VR4yf%2BRxr5BieVSm%2Bb9CUGB3VXmZ%2BD91VC7NzBT55%2BAP3mdk3c6vCzFMfUf0A4mr7oxu1ft1PAB%2BXuXl4Yw8yfrlYz9JIEKmGKdSYZ60MnostUe9QWgrdkcEm3TVa0X3HCjZbtvpBNKe5zfvfxRTZKbY%2FmqAD7hNQPVTl3jOpab%2FHPaKytzikXnBVWy56Mf0NkA2fttvKyufl2pwVsG%2BaXoIDnRdlILmlznfvXV9lVhAgSxQR%2BA9FTQ%2FMMpBaD8NrUfFTz3IalWuHw6wdgDV1MPqF6czpSP0N4t069G5kw%3D%3D","environmentVariables":{"FIREBASE_CONFIG":"{\"projectId\":\"easecortebaseversion1\",\"storageBucket\":\"easecortebaseversion1.appspot.com\",\"locationId\":\"southamerica-east1\"}","GCLOUD_PROJECT":"easecortebaseversion1","EVENTARC_CLOUD_EVENT_SOURCE":"projects/easecortebaseversion1/locations/us-central1/functions/manyChatProxy"},"runtime":"nodejs18","buildId":"c47430be-5d94-477a-a87b-1b89767f06fc","buildEnvironmentVariables":{"GOOGLE_NODE_RUN_SCRIPTS":""},"buildName":"projects/600306167967/locations/us-central1/builds/c47430be-5d94-477a-a87b-1b89767f06fc","dockerRegistry":"ARTIFACT_REGISTRY","automaticUpdatePolicy":{},"buildServiceAccount":"600306167967-compute@developer.gserviceaccount.com"},"versionId":"3","updateTime":"2024-08-15T20:31:41Z","buildId":"16978dfe-e9b3-4fef-a004-99000a3b31e4","buildName":"projects/600306167967/locations/us-central1/builds/16978dfe-e9b3-4fef-a004-99000a3b31e4"}}
[debug] [2024-08-15T20:32:00.407Z] [update-default-us-central1-manyChatProxy] Retrying task index 0
[debug] [2024-08-15T20:32:00.407Z] >>> [apiv2][query] GET https://cloudfunctions.googleapis.com/v1/operations/ZWFzZWNvcnRlYmFzZXZlcnNpb24xL3VzLWNlbnRyYWwxL21hbnlDaGF0UHJveHkvLTBOLXlFM0ZqdXc [none]
[debug] [2024-08-15T20:32:00.812Z] <<< [apiv2][status] GET https://cloudfunctions.googleapis.com/v1/operations/ZWFzZWNvcnRlYmFzZXZlcnNpb24xL3VzLWNlbnRyYWwxL21hbnlDaGF0UHJveHkvLTBOLXlFM0ZqdXc 200
[debug] [2024-08-15T20:32:00.812Z] <<< [apiv2][body] GET https://cloudfunctions.googleapis.com/v1/operations/ZWFzZWNvcnRlYmFzZXZlcnNpb24xL3VzLWNlbnRyYWwxL21hbnlDaGF0UHJveHkvLTBOLXlFM0ZqdXc {"name":"operations/ZWFzZWNvcnRlYmFzZXZlcnNpb24xL3VzLWNlbnRyYWwxL21hbnlDaGF0UHJveHkvLTBOLXlFM0ZqdXc","metadata":{"@type":"type.googleapis.com/google.cloud.functions.v1.OperationMetadataV1","target":"projects/easecortebaseversion1/locations/us-central1/functions/manyChatProxy","type":"UPDATE_FUNCTION","request":{"@type":"type.googleapis.com/google.cloud.functions.v1.CloudFunction","name":"projects/easecortebaseversion1/locations/us-central1/functions/manyChatProxy","httpsTrigger":{"url":"https://us-central1-easecortebaseversion1.cloudfunctions.net/manyChatProxy","securityLevel":"SECURE_ALWAYS"},"status":"OFFLINE","entryPoint":"manyChatProxy","updateTime":"2024-08-15T20:03:58.634Z","versionId":"2","labels":{"deployment-tool":"cli-firebase","firebase-functions-hash":"93f6a7332f010fc142824c6fae7baa81e8e32a26"},"sourceUploadUrl":"https://storage.googleapis.com/uploads-540339921359.us-central1.cloudfunctions.appspot.com/219b988b-c5c2-4dc2-89ad-69d4b46a5fad.zip?GoogleAccessId=service-600306167967@gcf-admin-robot.iam.gserviceaccount.com&Expires=1723755698&Signature=UeH9Xo8J%2FkgZMsAOaX%2Fj4271WzkPpivzVVG5sEuHfiP1VR4yf%2BRxr5BieVSm%2Bb9CUGB3VXmZ%2BD91VC7NzBT55%2BAP3mdk3c6vCzFMfUf0A4mr7oxu1ft1PAB%2BXuXl4Yw8yfrlYz9JIEKmGKdSYZ60MnostUe9QWgrdkcEm3TVa0X3HCjZbtvpBNKe5zfvfxRTZKbY%2FmqAD7hNQPVTl3jOpab%2FHPaKytzikXnBVWy56Mf0NkA2fttvKyufl2pwVsG%2BaXoIDnRdlILmlznfvXV9lVhAgSxQR%2BA9FTQ%2FMMpBaD8NrUfFTz3IalWuHw6wdgDV1MPqF6czpSP0N4t069G5kw%3D%3D","environmentVariables":{"FIREBASE_CONFIG":"{\"projectId\":\"easecortebaseversion1\",\"storageBucket\":\"easecortebaseversion1.appspot.com\",\"locationId\":\"southamerica-east1\"}","GCLOUD_PROJECT":"easecortebaseversion1","EVENTARC_CLOUD_EVENT_SOURCE":"projects/easecortebaseversion1/locations/us-central1/functions/manyChatProxy"},"runtime":"nodejs18","buildId":"c47430be-5d94-477a-a87b-1b89767f06fc","buildEnvironmentVariables":{"GOOGLE_NODE_RUN_SCRIPTS":""},"buildName":"projects/600306167967/locations/us-central1/builds/c47430be-5d94-477a-a87b-1b89767f06fc","dockerRegistry":"ARTIFACT_REGISTRY","automaticUpdatePolicy":{},"buildServiceAccount":"600306167967-compute@developer.gserviceaccount.com"},"versionId":"3","updateTime":"2024-08-15T20:31:41Z","buildId":"16978dfe-e9b3-4fef-a004-99000a3b31e4","buildName":"projects/600306167967/locations/us-central1/builds/16978dfe-e9b3-4fef-a004-99000a3b31e4"}}
[debug] [2024-08-15T20:32:10.817Z] [update-default-us-central1-manyChatProxy] Retrying task index 0
[debug] [2024-08-15T20:32:10.817Z] >>> [apiv2][query] GET https://cloudfunctions.googleapis.com/v1/operations/ZWFzZWNvcnRlYmFzZXZlcnNpb24xL3VzLWNlbnRyYWwxL21hbnlDaGF0UHJveHkvLTBOLXlFM0ZqdXc [none]
[debug] [2024-08-15T20:32:11.576Z] <<< [apiv2][status] GET https://cloudfunctions.googleapis.com/v1/operations/ZWFzZWNvcnRlYmFzZXZlcnNpb24xL3VzLWNlbnRyYWwxL21hbnlDaGF0UHJveHkvLTBOLXlFM0ZqdXc 200
[debug] [2024-08-15T20:32:11.576Z] <<< [apiv2][body] GET https://cloudfunctions.googleapis.com/v1/operations/ZWFzZWNvcnRlYmFzZXZlcnNpb24xL3VzLWNlbnRyYWwxL21hbnlDaGF0UHJveHkvLTBOLXlFM0ZqdXc {"name":"operations/ZWFzZWNvcnRlYmFzZXZlcnNpb24xL3VzLWNlbnRyYWwxL21hbnlDaGF0UHJveHkvLTBOLXlFM0ZqdXc","metadata":{"@type":"type.googleapis.com/google.cloud.functions.v1.OperationMetadataV1","target":"projects/easecortebaseversion1/locations/us-central1/functions/manyChatProxy","type":"UPDATE_FUNCTION","request":{"@type":"type.googleapis.com/google.cloud.functions.v1.CloudFunction","name":"projects/easecortebaseversion1/locations/us-central1/functions/manyChatProxy","httpsTrigger":{"url":"https://us-central1-easecortebaseversion1.cloudfunctions.net/manyChatProxy","securityLevel":"SECURE_ALWAYS"},"status":"OFFLINE","entryPoint":"manyChatProxy","updateTime":"2024-08-15T20:03:58.634Z","versionId":"2","labels":{"deployment-tool":"cli-firebase","firebase-functions-hash":"93f6a7332f010fc142824c6fae7baa81e8e32a26"},"sourceUploadUrl":"https://storage.googleapis.com/uploads-540339921359.us-central1.cloudfunctions.appspot.com/219b988b-c5c2-4dc2-89ad-69d4b46a5fad.zip?GoogleAccessId=service-600306167967@gcf-admin-robot.iam.gserviceaccount.com&Expires=1723755698&Signature=UeH9Xo8J%2FkgZMsAOaX%2Fj4271WzkPpivzVVG5sEuHfiP1VR4yf%2BRxr5BieVSm%2Bb9CUGB3VXmZ%2BD91VC7NzBT55%2BAP3mdk3c6vCzFMfUf0A4mr7oxu1ft1PAB%2BXuXl4Yw8yfrlYz9JIEKmGKdSYZ60MnostUe9QWgrdkcEm3TVa0X3HCjZbtvpBNKe5zfvfxRTZKbY%2FmqAD7hNQPVTl3jOpab%2FHPaKytzikXnBVWy56Mf0NkA2fttvKyufl2pwVsG%2BaXoIDnRdlILmlznfvXV9lVhAgSxQR%2BA9FTQ%2FMMpBaD8NrUfFTz3IalWuHw6wdgDV1MPqF6czpSP0N4t069G5kw%3D%3D","environmentVariables":{"FIREBASE_CONFIG":"{\"projectId\":\"easecortebaseversion1\",\"storageBucket\":\"easecortebaseversion1.appspot.com\",\"locationId\":\"southamerica-east1\"}","GCLOUD_PROJECT":"easecortebaseversion1","EVENTARC_CLOUD_EVENT_SOURCE":"projects/easecortebaseversion1/locations/us-central1/functions/manyChatProxy"},"runtime":"nodejs18","buildId":"c47430be-5d94-477a-a87b-1b89767f06fc","buildEnvironmentVariables":{"GOOGLE_NODE_RUN_SCRIPTS":""},"buildName":"projects/600306167967/locations/us-central1/builds/c47430be-5d94-477a-a87b-1b89767f06fc","dockerRegistry":"ARTIFACT_REGISTRY","automaticUpdatePolicy":{},"buildServiceAccount":"600306167967-compute@developer.gserviceaccount.com"},"versionId":"3","updateTime":"2024-08-15T20:31:41Z","buildId":"16978dfe-e9b3-4fef-a004-99000a3b31e4","buildName":"projects/600306167967/locations/us-central1/builds/16978dfe-e9b3-4fef-a004-99000a3b31e4"}}
[debug] [2024-08-15T20:32:21.578Z] [update-default-us-central1-manyChatProxy] Retrying task index 0
[debug] [2024-08-15T20:32:21.579Z] >>> [apiv2][query] GET https://cloudfunctions.googleapis.com/v1/operations/ZWFzZWNvcnRlYmFzZXZlcnNpb24xL3VzLWNlbnRyYWwxL21hbnlDaGF0UHJveHkvLTBOLXlFM0ZqdXc [none]
[debug] [2024-08-15T20:32:22.240Z] <<< [apiv2][status] GET https://cloudfunctions.googleapis.com/v1/operations/ZWFzZWNvcnRlYmFzZXZlcnNpb24xL3VzLWNlbnRyYWwxL21hbnlDaGF0UHJveHkvLTBOLXlFM0ZqdXc 200
[debug] [2024-08-15T20:32:22.241Z] <<< [apiv2][body] GET https://cloudfunctions.googleapis.com/v1/operations/ZWFzZWNvcnRlYmFzZXZlcnNpb24xL3VzLWNlbnRyYWwxL21hbnlDaGF0UHJveHkvLTBOLXlFM0ZqdXc {"name":"operations/ZWFzZWNvcnRlYmFzZXZlcnNpb24xL3VzLWNlbnRyYWwxL21hbnlDaGF0UHJveHkvLTBOLXlFM0ZqdXc","metadata":{"@type":"type.googleapis.com/google.cloud.functions.v1.OperationMetadataV1","target":"projects/easecortebaseversion1/locations/us-central1/functions/manyChatProxy","type":"UPDATE_FUNCTION","request":{"@type":"type.googleapis.com/google.cloud.functions.v1.CloudFunction","name":"projects/easecortebaseversion1/locations/us-central1/functions/manyChatProxy","httpsTrigger":{"url":"https://us-central1-easecortebaseversion1.cloudfunctions.net/manyChatProxy","securityLevel":"SECURE_ALWAYS"},"status":"OFFLINE","entryPoint":"manyChatProxy","updateTime":"2024-08-15T20:03:58.634Z","versionId":"2","labels":{"deployment-tool":"cli-firebase","firebase-functions-hash":"93f6a7332f010fc142824c6fae7baa81e8e32a26"},"sourceUploadUrl":"https://storage.googleapis.com/uploads-540339921359.us-central1.cloudfunctions.appspot.com/219b988b-c5c2-4dc2-89ad-69d4b46a5fad.zip?GoogleAccessId=service-600306167967@gcf-admin-robot.iam.gserviceaccount.com&Expires=1723755698&Signature=UeH9Xo8J%2FkgZMsAOaX%2Fj4271WzkPpivzVVG5sEuHfiP1VR4yf%2BRxr5BieVSm%2Bb9CUGB3VXmZ%2BD91VC7NzBT55%2BAP3mdk3c6vCzFMfUf0A4mr7oxu1ft1PAB%2BXuXl4Yw8yfrlYz9JIEKmGKdSYZ60MnostUe9QWgrdkcEm3TVa0X3HCjZbtvpBNKe5zfvfxRTZKbY%2FmqAD7hNQPVTl3jOpab%2FHPaKytzikXnBVWy56Mf0NkA2fttvKyufl2pwVsG%2BaXoIDnRdlILmlznfvXV9lVhAgSxQR%2BA9FTQ%2FMMpBaD8NrUfFTz3IalWuHw6wdgDV1MPqF6czpSP0N4t069G5kw%3D%3D","environmentVariables":{"FIREBASE_CONFIG":"{\"projectId\":\"easecortebaseversion1\",\"storageBucket\":\"easecortebaseversion1.appspot.com\",\"locationId\":\"southamerica-east1\"}","GCLOUD_PROJECT":"easecortebaseversion1","EVENTARC_CLOUD_EVENT_SOURCE":"projects/easecortebaseversion1/locations/us-central1/functions/manyChatProxy"},"runtime":"nodejs18","buildId":"c47430be-5d94-477a-a87b-1b89767f06fc","buildEnvironmentVariables":{"GOOGLE_NODE_RUN_SCRIPTS":""},"buildName":"projects/600306167967/locations/us-central1/builds/c47430be-5d94-477a-a87b-1b89767f06fc","dockerRegistry":"ARTIFACT_REGISTRY","automaticUpdatePolicy":{},"buildServiceAccount":"600306167967-compute@developer.gserviceaccount.com"},"versionId":"3","updateTime":"2024-08-15T20:32:12Z","buildId":"16978dfe-e9b3-4fef-a004-99000a3b31e4","buildName":"projects/600306167967/locations/us-central1/builds/16978dfe-e9b3-4fef-a004-99000a3b31e4"},"done":true,"error":{"code":3,"message":"Build failed: npm error code EUSAGE\nnpm error\nnpm error `npm ci` can only install packages when your package.json and package-lock.json or npm-shrinkwrap.json are in sync. Please update your lock file with `npm install` before continuing.\nnpm error\nnpm error Invalid: lock file's firebase-admin@12.1.1 does not satisfy firebase-admin@11.11.1\nnpm error Invalid: lock file's @fastify/busboy@2.1.1 does not satisfy @fastify/busboy@1.2.1\nnpm error Invalid: lock file's @firebase/database-compat@1.0.5 does not satisfy @firebase/database-compat@0.3.4\nnpm error Invalid: lock file's @firebase/database-types@1.0.3 does not satisfy @firebase/database-types@0.10.4\nnpm error Invalid: lock file's @google-cloud/firestore@7.8.0 does not satisfy @google-cloud/firestore@6.8.0\nnpm error Invalid: lock file's @google-cloud/storage@7.11.2 does not satisfy @google-cloud/storage@6.12.0\nnpm error Missing: text-decoding@1.0.0 from lock file\nnpm error Invalid: lock file's @firebase/component@0.6.7 does not satisfy @firebase/component@0.6.4\nnpm error Invalid: lock file's @firebase/database@1.0.5 does not satisfy @firebase/database@0.14.4\nnpm error Invalid: lock file's @firebase/logger@0.4.2 does not satisfy @firebase/logger@0.4.0\nnpm error Invalid: lock file's @firebase/util@1.9.6 does not satisfy @firebase/util@1.9.3\nnpm error Invalid: lock file's @firebase/auth-interop-types@0.2.3 does not satisfy @firebase/auth-interop-types@0.2.1\nnpm error Invalid: lock file's @firebase/app-types@0.9.2 does not satisfy @firebase/app-types@0.9.0\nnpm error Invalid: lock file's google-gax@4.3.6 does not satisfy google-gax@3.6.1\nnpm error Invalid: lock file's @google-cloud/paginator@5.0.2 does not satisfy @google-cloud/paginator@3.0.7\nnpm error Invalid: lock file's @google-cloud/projectify@4.0.0 does not satisfy @google-cloud/projectify@3.0.0\nnpm error Invalid: lock file's @google-cloud/promisify@4.0.0 does not satisfy @google-cloud/promisify@3.0.1\nnpm error Missing: compressible@2.0.18 from lock file\nnpm error Missing: ent@2.2.1 from lock file\nnpm error Invalid: lock file's fast-xml-parser@4.4.0 does not satisfy fast-xml-parser@4.4.1\nnpm error Invalid: lock file's gaxios@6.6.0 does not satisfy gaxios@5.1.3\nnpm error Invalid: lock file's google-auth-library@9.11.0 does not satisfy google-auth-library@8.9.0\nnpm error Invalid: lock file's retry-request@7.0.2 does not satisfy retry-request@5.0.2\nnpm error Invalid: lock file's teeny-request@9.0.0 does not satisfy teeny-request@8.0.3\nnpm error Missing: punycode@1.4.1 from lock file\nnpm error Invalid: lock file's https-proxy-agent@7.0.4 does not satisfy https-proxy-agent@5.0.1\nnpm error Missing: fast-text-encoding@1.0.6 from lock file\nnpm error Invalid: lock file's gcp-metadata@6.1.0 does not satisfy gcp-metadata@5.3.0\nnpm error Invalid: lock file's gtoken@7.1.0 does not satisfy gtoken@6.1.2\nnpm error Invalid: lock file's @grpc/grpc-js@1.10.9 does not satisfy @grpc/grpc-js@1.8.22\nnpm error Missing: @types/rimraf@3.0.2 from lock file\nnpm error Missing: is-stream-ended@0.1.4 from lock file\nnpm error Invalid: lock file's proto3-json-serializer@2.0.2 does not satisfy proto3-json-serializer@1.1.1\nnpm error Invalid: lock file's protobufjs@7.3.0 does not satisfy protobufjs@7.2.4\nnpm error Missing: protobufjs-cli@1.1.1 from lock file\nnpm error Missing: @types/glob@8.1.0 from lock file\nnpm error Missing: @types/minimatch@5.1.2 from lock file\nnpm error Missing: google-p12-pem@4.0.1 from lock file\nnpm error Invalid: lock file's agent-base@7.1.1 does not satisfy agent-base@6.0.2\nnpm error Invalid: lock file's debug@4.3.5 does not satisfy debug@4.3.6\nnpm error Invalid: lock file's debug@4.3.5 does not satisfy debug@4.3.6\nnpm error Missing: escodegen@1.14.3 from lock file\nnpm error Missing: espree@9.6.1 from lock file\nnpm error Missing: estraverse@5.3.0 from lock file\nnpm error Missing: glob@8.1.0 from lock file\nnpm error Missing: jsdoc@4.0.3 from lock file\nnpm error Missing: semver@7.6.3 from lock file\nnpm error Missing: tmp@0.2.3 from lock file\nnpm error Missing: uglify-js@3.19.2 from lock file\nnpm error Missing: estraverse@4.3.0 from lock file\nnpm error Missing: esutils@2.0.3 from lock file\nnpm error Missing: optionator@0.8.3 from lock file\nnpm error Missing: acorn@8.12.1 from lock file\nnpm error Missing: acorn-jsx@5.3.2 from lock file\nnpm error Missing: eslint-visitor-keys@3.4.3 from lock file\nnpm error Missing: minimatch@5.1.6 from lock file\nnpm error Missing: @jsdoc/salty@0.2.8 from lock file\nnpm error Missing: @types/markdown-it@14.1.2 from lock file\nnpm error Missing: bluebird@3.7.2 from lock file\nnpm error Missing: catharsis@0.9.0 from lock file\nnpm error Missing: js2xmlparser@4.0.2 from lock file\nnpm error Missing: klaw@3.0.0 from lock file\nnpm error Missing: markdown-it@14.1.0 from lock file\nnpm error Missing: markdown-it-anchor@8.6.7 from lock file\nnpm error Missing: marked@4.3.0 from lock file\nnpm error Missing: mkdirp@1.0.4 from lock file\nnpm error Missing: requizzle@0.2.4 from lock file\nnpm error Missing: underscore@1.13.7 from lock file\nnpm error Missing: @types/linkify-it@5.0.0 from lock file\nnpm error Missing: @types/mdurl@2.0.0 from lock file\nnpm error Missing: xmlcreate@2.0.4 from lock file\nnpm error Missing: argparse@2.0.1 from lock file\nnpm error Missing: entities@4.5.0 from lock file\nnpm error Missing: linkify-it@5.0.0 from lock file\nnpm error Missing: mdurl@2.0.0 from lock file\nnpm error Missing: punycode.js@2.3.1 from lock file\nnpm error Missing: uc.micro@2.1.0 from lock file\nnpm error Missing: brace-expansion@2.0.1 from lock file\nnpm error Missing: deep-is@0.1.4 from lock file\nnpm error Missing: fast-levenshtein@2.0.6 from lock file\nnpm error Missing: levn@0.3.0 from lock file\nnpm error Missing: prelude-ls@1.1.2 from lock file\nnpm error Missing: type-check@0.3.2 from lock file\nnpm error Missing: word-wrap@1.2.5 from lock file\nnpm error Missing: debug@4.3.6 from lock file\nnpm error Invalid: lock file's debug@4.3.5 does not satisfy debug@4.3.6\nnpm error Missing: ms@2.1.2 from lock file\nnpm error\nnpm error Clean install a project\nnpm error\nnpm error Usage:\nnpm error npm ci\nnpm error\nnpm error Options:\nnpm error [--install-strategy <hoisted|nested|shallow|linked>] [--legacy-bundling]\nnpm error [--global-style] [--omit <dev|optional|peer> [--omit <dev|optional|peer> ...]]\nnpm error [--include <prod|dev|optional|peer> [--include <prod|dev|optional|peer> ...]]\nnpm error [--strict-peer-deps] [--foreground-scripts] [--ignore-scripts] [--no-audit]\nnpm error [--no-bin-links] [--no-fund] [--dry-run]\nnpm error [-w|--workspace <workspace-name> [-w|--workspace <workspace-name> ...]]\nnpm error [-ws|--workspaces] [--include-workspace-root] [--install-links]\nnpm error\nnpm error aliases: clean-install, ic, install-clean, isntall-clean\nnpm error\nnpm error Run \"npm help ci\" for more info\n\nnpm error A complete log of this run can be found in: /www-data-home/.npm/_logs/2024-08-15T20_31_58_418Z-debug-0.log; Error ID: beaf8772"}}
[debug] [2024-08-15T20:32:22.241Z] Got source token undefined for region us-central1
[error] Build failed: npm error code EUSAGE
npm error
npm error `npm ci` can only install packages when your package.json and package-lock.json or npm-shrinkwrap.json are in sync. Please update your lock file with `npm install` before continuing.
npm error
npm error Invalid: lock file's firebase-admin@12.1.1 does not satisfy firebase-admin@11.11.1
npm error Invalid: lock file's @fastify/busboy@2.1.1 does not satisfy @fastify/busboy@1.2.1
npm error Invalid: lock file's @firebase/database-compat@1.0.5 does not satisfy @firebase/database-compat@0.3.4
npm error Invalid: lock file's @firebase/database-types@1.0.3 does not satisfy @firebase/database-types@0.10.4
npm error Invalid: lock file's @google-cloud/firestore@7.8.0 does not satisfy @google-cloud/firestore@6.8.0
npm error Invalid: lock file's @google-cloud/storage@7.11.2 does not satisfy @google-cloud/storage@6.12.0
npm error Missing: text-decoding@1.0.0 from lock file
npm error Invalid: lock file's @firebase/component@0.6.7 does not satisfy @firebase/component@0.6.4
npm error Invalid: lock file's @firebase/database@1.0.5 does not satisfy @firebase/database@0.14.4
npm error Invalid: lock file's @firebase/logger@0.4.2 does not satisfy @firebase/logger@0.4.0
npm error Invalid: lock file's @firebase/util@1.9.6 does not satisfy @firebase/util@1.9.3
npm error Invalid: lock file's @firebase/auth-interop-types@0.2.3 does not satisfy @firebase/auth-interop-types@0.2.1
npm error Invalid: lock file's @firebase/app-types@0.9.2 does not satisfy @firebase/app-types@0.9.0
npm error Invalid: lock file's google-gax@4.3.6 does not satisfy google-gax@3.6.1
npm error Invalid: lock file's @google-cloud/paginator@5.0.2 does not satisfy @google-cloud/paginator@3.0.7
npm error Invalid: lock file's @google-cloud/projectify@4.0.0 does not satisfy @google-cloud/projectify@3.0.0
npm error Invalid: lock file's @google-cloud/promisify@4.0.0 does not satisfy @google-cloud/promisify@3.0.1
npm error Missing: compressible@2.0.18 from lock file
npm error Missing: ent@2.2.1 from lock file
npm error Invalid: lock file's fast-xml-parser@4.4.0 does not satisfy fast-xml-parser@4.4.1
npm error Invalid: lock file's gaxios@6.6.0 does not satisfy gaxios@5.1.3
npm error Invalid: lock file's google-auth-library@9.11.0 does not satisfy google-auth-library@8.9.0
npm error Invalid: lock file's retry-request@7.0.2 does not satisfy retry-request@5.0.2
npm error Invalid: lock file's teeny-request@9.0.0 does not satisfy teeny-request@8.0.3
npm error Missing: punycode@1.4.1 from lock file
npm error Invalid: lock file's https-proxy-agent@7.0.4 does not satisfy https-proxy-agent@5.0.1
npm error Missing: fast-text-encoding@1.0.6 from lock file
npm error Invalid: lock file's gcp-metadata@6.1.0 does not satisfy gcp-metadata@5.3.0
npm error Invalid: lock file's gtoken@7.1.0 does not satisfy gtoken@6.1.2
npm error Invalid: lock file's @grpc/grpc-js@1.10.9 does not satisfy @grpc/grpc-js@1.8.22
npm error Missing: @types/rimraf@3.0.2 from lock file
npm error Missing: is-stream-ended@0.1.4 from lock file
npm error Invalid: lock file's proto3-json-serializer@2.0.2 does not satisfy proto3-json-serializer@1.1.1
npm error Invalid: lock file's protobufjs@7.3.0 does not satisfy protobufjs@7.2.4
npm error Missing: protobufjs-cli@1.1.1 from lock file
npm error Missing: @types/glob@8.1.0 from lock file
npm error Missing: @types/minimatch@5.1.2 from lock file
npm error Missing: google-p12-pem@4.0.1 from lock file
npm error Invalid: lock file's agent-base@7.1.1 does not satisfy agent-base@6.0.2
npm error Invalid: lock file's debug@4.3.5 does not satisfy debug@4.3.6
npm error Invalid: lock file's debug@4.3.5 does not satisfy debug@4.3.6
npm error Missing: escodegen@1.14.3 from lock file
npm error Missing: espree@9.6.1 from lock file
npm error Missing: estraverse@5.3.0 from lock file
npm error Missing: glob@8.1.0 from lock file
npm error Missing: jsdoc@4.0.3 from lock file
npm error Missing: semver@7.6.3 from lock file
npm error Missing: tmp@0.2.3 from lock file
npm error Missing: uglify-js@3.19.2 from lock file
npm error Missing: estraverse@4.3.0 from lock file
npm error Missing: esutils@2.0.3 from lock file
npm error Missing: optionator@0.8.3 from lock file
npm error Missing: acorn@8.12.1 from lock file
npm error Missing: acorn-jsx@5.3.2 from lock file
npm error Missing: eslint-visitor-keys@3.4.3 from lock file
npm error Missing: minimatch@5.1.6 from lock file
npm error Missing: @jsdoc/salty@0.2.8 from lock file
npm error Missing: @types/markdown-it@14.1.2 from lock file
npm error Missing: bluebird@3.7.2 from lock file
npm error Missing: catharsis@0.9.0 from lock file
npm error Missing: js2xmlparser@4.0.2 from lock file
npm error Missing: klaw@3.0.0 from lock file
npm error Missing: markdown-it@14.1.0 from lock file
npm error Missing: markdown-it-anchor@8.6.7 from lock file
npm error Missing: marked@4.3.0 from lock file
npm error Missing: mkdirp@1.0.4 from lock file
npm error Missing: requizzle@0.2.4 from lock file
npm error Missing: underscore@1.13.7 from lock file
npm error Missing: @types/linkify-it@5.0.0 from lock file
npm error Missing: @types/mdurl@2.0.0 from lock file
npm error Missing: xmlcreate@2.0.4 from lock file
npm error Missing: argparse@2.0.1 from lock file
npm error Missing: entities@4.5.0 from lock file
npm error Missing: linkify-it@5.0.0 from lock file
npm error Missing: mdurl@2.0.0 from lock file
npm error Missing: punycode.js@2.3.1 from lock file
npm error Missing: uc.micro@2.1.0 from lock file
npm error Missing: brace-expansion@2.0.1 from lock file
npm error Missing: deep-is@0.1.4 from lock file
npm error Missing: fast-levenshtein@2.0.6 from lock file
npm error Missing: levn@0.3.0 from lock file
npm error Missing: prelude-ls@1.1.2 from lock file
npm error Missing: type-check@0.3.2 from lock file
npm error Missing: word-wrap@1.2.5 from lock file
npm error Missing: debug@4.3.6 from lock file
npm error Invalid: lock file's debug@4.3.5 does not satisfy debug@4.3.6
npm error Missing: ms@2.1.2 from lock file
npm error
npm error Clean install a project
npm error
npm error Usage:
npm error npm ci
npm error
npm error Options:
npm error [--install-strategy <hoisted|nested|shallow|linked>] [--legacy-bundling]
npm error [--global-style] [--omit <dev|optional|peer> [--omit <dev|optional|peer> ...]]
npm error [--include <prod|dev|optional|peer> [--include <prod|dev|optional|peer> ...]]
npm error [--strict-peer-deps] [--foreground-scripts] [--ignore-scripts] [--no-audit]
npm error [--no-bin-links] [--no-fund] [--dry-run]
npm error [-w|--workspace <workspace-name> [-w|--workspace <workspace-name> ...]]
npm error [-ws|--workspaces] [--include-workspace-root] [--install-links]
npm error
npm error aliases: clean-install, ic, install-clean, isntall-clean
npm error
npm error Run "npm help ci" for more info

npm error A complete log of this run can be found in: /www-data-home/.npm/_logs/2024-08-15T20_31_58_418Z-debug-0.log; Error ID: beaf8772
[debug] [2024-08-15T20:32:22.254Z] Total Function Deployment time: 41899
[debug] [2024-08-15T20:32:22.254Z] 1 Functions Deployed
[debug] [2024-08-15T20:32:22.254Z] 1 Functions Errored
[debug] [2024-08-15T20:32:22.254Z] 0 Function Deployments Aborted
[debug] [2024-08-15T20:32:22.254Z] Average Function Deployment time: 41897
[info] 
[info] Functions deploy had errors with the following functions:
	manyChatProxy(us-central1)
[debug] [2024-08-15T20:32:22.444Z] Not printing URL for HTTPS function. Typically this means it didn't match a filter or we failed deployment
[info] i  functions: cleaning up build files... 
[debug] [2024-08-15T20:32:22.447Z] >>> [apiv2][query] DELETE https://artifactregistry.googleapis.com/v1beta2/projects/easecortebaseversion1/locations/us-central1/repositories/gcf-artifacts/packages/many_chat_proxy [none]
[debug] [2024-08-15T20:32:22.448Z] >>> [apiv2][query] GET https://us.gcr.io/v2/easecortebaseversion1/gcf/us-central1/tags/list [none]
[debug] [2024-08-15T20:32:23.764Z] <<< [apiv2][status] GET https://us.gcr.io/v2/easecortebaseversion1/gcf/us-central1/tags/list 404
[debug] [2024-08-15T20:32:23.764Z] <<< [apiv2][body] GET https://us.gcr.io/v2/easecortebaseversion1/gcf/us-central1/tags/list {"errors":[{"code":"NAME_UNKNOWN","message":"Repository \"us.gcr.io\" not found"}]}
[debug] [2024-08-15T20:32:23.765Z] Failed docker command with error  HTTP Error: 404, Not Found {"name":"FirebaseError","children":[],"context":{"body":{"errors":[{"code":"NAME_UNKNOWN","message":"Repository \"us.gcr.io\" not found"}],"error":{"message":"Not Found"}},"response":{"statusCode":404}},"exit":1,"message":"HTTP Error: 404, Not Found","status":404}
[debug] [2024-08-15T20:32:23.766Z] >>> [apiv2][query] GET https://us.gcr.io/v2/easecortebaseversion1/gcf/us-central1/tags/list [none]
[debug] [2024-08-15T20:32:23.770Z] <<< [apiv2][status] DELETE https://artifactregistry.googleapis.com/v1beta2/projects/easecortebaseversion1/locations/us-central1/repositories/gcf-artifacts/packages/many_chat_proxy 404
[debug] [2024-08-15T20:32:23.770Z] <<< [apiv2][body] DELETE https://artifactregistry.googleapis.com/v1beta2/projects/easecortebaseversion1/locations/us-central1/repositories/gcf-artifacts/packages/many_chat_proxy {"error":{"code":404,"message":"Package \"projects/easecortebaseversion1/locations/us-central1/repositories/gcf-artifacts/packages/many_chat_proxy\" was not found.","status":"NOT_FOUND"}}
[debug] [2024-08-15T20:32:24.988Z] <<< [apiv2][status] GET https://us.gcr.io/v2/easecortebaseversion1/gcf/us-central1/tags/list 404
[debug] [2024-08-15T20:32:24.988Z] <<< [apiv2][body] GET https://us.gcr.io/v2/easecortebaseversion1/gcf/us-central1/tags/list {"errors":[{"code":"NAME_UNKNOWN","message":"Repository \"us.gcr.io\" not found"}]}
[debug] [2024-08-15T20:32:24.988Z] Failed docker command with error  HTTP Error: 404, Not Found {"name":"FirebaseError","children":[],"context":{"body":{"errors":[{"code":"NAME_UNKNOWN","message":"Repository \"us.gcr.io\" not found"}],"error":{"message":"Not Found"}},"response":{"statusCode":404}},"exit":1,"message":"HTTP Error: 404, Not Found","status":404}
[debug] [2024-08-15T20:32:25.088Z] >>> [apiv2][query] GET https://us.gcr.io/v2/easecortebaseversion1/gcf/us-central1/tags/list [none]
[debug] [2024-08-15T20:32:26.326Z] <<< [apiv2][status] GET https://us.gcr.io/v2/easecortebaseversion1/gcf/us-central1/tags/list 404
[debug] [2024-08-15T20:32:26.326Z] <<< [apiv2][body] GET https://us.gcr.io/v2/easecortebaseversion1/gcf/us-central1/tags/list {"errors":[{"code":"NAME_UNKNOWN","message":"Repository \"us.gcr.io\" not found"}]}
[debug] [2024-08-15T20:32:26.326Z] Failed docker command with error  HTTP Error: 404, Not Found {"name":"FirebaseError","children":[],"context":{"body":{"errors":[{"code":"NAME_UNKNOWN","message":"Repository \"us.gcr.io\" not found"}],"error":{"message":"Not Found"}},"response":{"statusCode":404}},"exit":1,"message":"HTTP Error: 404, Not Found","status":404}
[warn] ⚠  functions: Unhandled error cleaning up build images. This could result in a small monthly bill if not corrected. You can attempt to delete these images by redeploying or you can delete them manually at https://console.cloud.google.com/gcr/images/easecortebaseversion1/us/gcf 
[debug] [2024-08-15T20:32:26.327Z] Functions deploy failed.
[debug] [2024-08-15T20:32:26.328Z] {
  "endpoint": {
    "id": "manyChatProxy",
    "project": "easecortebaseversion1",
    "region": "us-central1",
    "entryPoint": "manyChatProxy",
    "platform": "gcfv1",
    "runtime": "nodejs18",
    "httpsTrigger": {},
    "ingressSettings": null,
    "availableMemoryMb": null,
    "serviceAccount": null,
    "timeoutSeconds": null,
    "maxInstances": null,
    "minInstances": null,
    "vpc": null,
    "environmentVariables": {
      "FIREBASE_CONFIG": "{\"projectId\":\"easecortebaseversion1\",\"storageBucket\":\"easecortebaseversion1.appspot.com\",\"locationId\":\"southamerica-east1\"}",
      "GCLOUD_PROJECT": "easecortebaseversion1",
      "EVENTARC_CLOUD_EVENT_SOURCE": "projects/easecortebaseversion1/locations/us-central1/functions/manyChatProxy"
    },
    "codebase": "default",
    "securityLevel": "SECURE_ALWAYS",
    "targetedByOnly": false,
    "hash": "93f6a7332f010fc142824c6fae7baa81e8e32a26",
    "labels": {
      "deployment-tool": "cli-firebase"
    }
  },
  "op": "update",
  "original": {
    "name": "FirebaseError",
    "children": [],
    "exit": 1,
    "message": "Build failed: npm error code EUSAGE\nnpm error\nnpm error `npm ci` can only install packages when your package.json and package-lock.json or npm-shrinkwrap.json are in sync. Please update your lock file with `npm install` before continuing.\nnpm error\nnpm error Invalid: lock file's firebase-admin@12.1.1 does not satisfy firebase-admin@11.11.1\nnpm error Invalid: lock file's @fastify/busboy@2.1.1 does not satisfy @fastify/busboy@1.2.1\nnpm error Invalid: lock file's @firebase/database-compat@1.0.5 does not satisfy @firebase/database-compat@0.3.4\nnpm error Invalid: lock file's @firebase/database-types@1.0.3 does not satisfy @firebase/database-types@0.10.4\nnpm error Invalid: lock file's @google-cloud/firestore@7.8.0 does not satisfy @google-cloud/firestore@6.8.0\nnpm error Invalid: lock file's @google-cloud/storage@7.11.2 does not satisfy @google-cloud/storage@6.12.0\nnpm error Missing: text-decoding@1.0.0 from lock file\nnpm error Invalid: lock file's @firebase/component@0.6.7 does not satisfy @firebase/component@0.6.4\nnpm error Invalid: lock file's @firebase/database@1.0.5 does not satisfy @firebase/database@0.14.4\nnpm error Invalid: lock file's @firebase/logger@0.4.2 does not satisfy @firebase/logger@0.4.0\nnpm error Invalid: lock file's @firebase/util@1.9.6 does not satisfy @firebase/util@1.9.3\nnpm error Invalid: lock file's @firebase/auth-interop-types@0.2.3 does not satisfy @firebase/auth-interop-types@0.2.1\nnpm error Invalid: lock file's @firebase/app-types@0.9.2 does not satisfy @firebase/app-types@0.9.0\nnpm error Invalid: lock file's google-gax@4.3.6 does not satisfy google-gax@3.6.1\nnpm error Invalid: lock file's @google-cloud/paginator@5.0.2 does not satisfy @google-cloud/paginator@3.0.7\nnpm error Invalid: lock file's @google-cloud/projectify@4.0.0 does not satisfy @google-cloud/projectify@3.0.0\nnpm error Invalid: lock file's @google-cloud/promisify@4.0.0 does not satisfy @google-cloud/promisify@3.0.1\nnpm error Missing: compressible@2.0.18 from lock file\nnpm error Missing: ent@2.2.1 from lock file\nnpm error Invalid: lock file's fast-xml-parser@4.4.0 does not satisfy fast-xml-parser@4.4.1\nnpm error Invalid: lock file's gaxios@6.6.0 does not satisfy gaxios@5.1.3\nnpm error Invalid: lock file's google-auth-library@9.11.0 does not satisfy google-auth-library@8.9.0\nnpm error Invalid: lock file's retry-request@7.0.2 does not satisfy retry-request@5.0.2\nnpm error Invalid: lock file's teeny-request@9.0.0 does not satisfy teeny-request@8.0.3\nnpm error Missing: punycode@1.4.1 from lock file\nnpm error Invalid: lock file's https-proxy-agent@7.0.4 does not satisfy https-proxy-agent@5.0.1\nnpm error Missing: fast-text-encoding@1.0.6 from lock file\nnpm error Invalid: lock file's gcp-metadata@6.1.0 does not satisfy gcp-metadata@5.3.0\nnpm error Invalid: lock file's gtoken@7.1.0 does not satisfy gtoken@6.1.2\nnpm error Invalid: lock file's @grpc/grpc-js@1.10.9 does not satisfy @grpc/grpc-js@1.8.22\nnpm error Missing: @types/rimraf@3.0.2 from lock file\nnpm error Missing: is-stream-ended@0.1.4 from lock file\nnpm error Invalid: lock file's proto3-json-serializer@2.0.2 does not satisfy proto3-json-serializer@1.1.1\nnpm error Invalid: lock file's protobufjs@7.3.0 does not satisfy protobufjs@7.2.4\nnpm error Missing: protobufjs-cli@1.1.1 from lock file\nnpm error Missing: @types/glob@8.1.0 from lock file\nnpm error Missing: @types/minimatch@5.1.2 from lock file\nnpm error Missing: google-p12-pem@4.0.1 from lock file\nnpm error Invalid: lock file's agent-base@7.1.1 does not satisfy agent-base@6.0.2\nnpm error Invalid: lock file's debug@4.3.5 does not satisfy debug@4.3.6\nnpm error Invalid: lock file's debug@4.3.5 does not satisfy debug@4.3.6\nnpm error Missing: escodegen@1.14.3 from lock file\nnpm error Missing: espree@9.6.1 from lock file\nnpm error Missing: estraverse@5.3.0 from lock file\nnpm error Missing: glob@8.1.0 from lock file\nnpm error Missing: jsdoc@4.0.3 from lock file\nnpm error Missing: semver@7.6.3 from lock file\nnpm error Missing: tmp@0.2.3 from lock file\nnpm error Missing: uglify-js@3.19.2 from lock file\nnpm error Missing: estraverse@4.3.0 from lock file\nnpm error Missing: esutils@2.0.3 from lock file\nnpm error Missing: optionator@0.8.3 from lock file\nnpm error Missing: acorn@8.12.1 from lock file\nnpm error Missing: acorn-jsx@5.3.2 from lock file\nnpm error Missing: eslint-visitor-keys@3.4.3 from lock file\nnpm error Missing: minimatch@5.1.6 from lock file\nnpm error Missing: @jsdoc/salty@0.2.8 from lock file\nnpm error Missing: @types/markdown-it@14.1.2 from lock file\nnpm error Missing: bluebird@3.7.2 from lock file\nnpm error Missing: catharsis@0.9.0 from lock file\nnpm error Missing: js2xmlparser@4.0.2 from lock file\nnpm error Missing: klaw@3.0.0 from lock file\nnpm error Missing: markdown-it@14.1.0 from lock file\nnpm error Missing: markdown-it-anchor@8.6.7 from lock file\nnpm error Missing: marked@4.3.0 from lock file\nnpm error Missing: mkdirp@1.0.4 from lock file\nnpm error Missing: requizzle@0.2.4 from lock file\nnpm error Missing: underscore@1.13.7 from lock file\nnpm error Missing: @types/linkify-it@5.0.0 from lock file\nnpm error Missing: @types/mdurl@2.0.0 from lock file\nnpm error Missing: xmlcreate@2.0.4 from lock file\nnpm error Missing: argparse@2.0.1 from lock file\nnpm error Missing: entities@4.5.0 from lock file\nnpm error Missing: linkify-it@5.0.0 from lock file\nnpm error Missing: mdurl@2.0.0 from lock file\nnpm error Missing: punycode.js@2.3.1 from lock file\nnpm error Missing: uc.micro@2.1.0 from lock file\nnpm error Missing: brace-expansion@2.0.1 from lock file\nnpm error Missing: deep-is@0.1.4 from lock file\nnpm error Missing: fast-levenshtein@2.0.6 from lock file\nnpm error Missing: levn@0.3.0 from lock file\nnpm error Missing: prelude-ls@1.1.2 from lock file\nnpm error Missing: type-check@0.3.2 from lock file\nnpm error Missing: word-wrap@1.2.5 from lock file\nnpm error Missing: debug@4.3.6 from lock file\nnpm error Invalid: lock file's debug@4.3.5 does not satisfy debug@4.3.6\nnpm error Missing: ms@2.1.2 from lock file\nnpm error\nnpm error Clean install a project\nnpm error\nnpm error Usage:\nnpm error npm ci\nnpm error\nnpm error Options:\nnpm error [--install-strategy <hoisted|nested|shallow|linked>] [--legacy-bundling]\nnpm error [--global-style] [--omit <dev|optional|peer> [--omit <dev|optional|peer> ...]]\nnpm error [--include <prod|dev|optional|peer> [--include <prod|dev|optional|peer> ...]]\nnpm error [--strict-peer-deps] [--foreground-scripts] [--ignore-scripts] [--no-audit]\nnpm error [--no-bin-links] [--no-fund] [--dry-run]\nnpm error [-w|--workspace <workspace-name> [-w|--workspace <workspace-name> ...]]\nnpm error [-ws|--workspaces] [--include-workspace-root] [--install-links]\nnpm error\nnpm error aliases: clean-install, ic, install-clean, isntall-clean\nnpm error\nnpm error Run \"npm help ci\" for more info\n\nnpm error A complete log of this run can be found in: /www-data-home/.npm/_logs/2024-08-15T20_31_58_418Z-debug-0.log; Error ID: beaf8772",
    "status": 3,
    "code": 3
  }
}
[debug] [2024-08-15T20:32:26.517Z] Error: Failed to update function manyChatProxy in region us-central1
    at /Users/gabrielnetto/.cache/firebase/tools/lib/node_modules/firebase-tools/lib/deploy/functions/release/fabricator.js:51:11
    at process.processTicksAndRejections (node:internal/process/task_queues:95:5)
    at async Fabricator.updateV1Function (/Users/gabrielnetto/.cache/firebase/tools/lib/node_modules/firebase-tools/lib/deploy/functions/release/fabricator.js:349:32)
    at async Fabricator.updateEndpoint (/Users/gabrielnetto/.cache/firebase/tools/lib/node_modules/firebase-tools/lib/deploy/functions/release/fabricator.js:151:13)
    at async handle (/Users/gabrielnetto/.cache/firebase/tools/lib/node_modules/firebase-tools/lib/deploy/functions/release/fabricator.js:88:17)
[error] 
[error] Error: There was an error deploying functions
